<?xml version="1.0" encoding="UTF-8"?>
<testsuite xmlns:xsi="http://www.w3.org/2001/XMLSchema-instance" xsi:noNamespaceSchemaLocation="https://maven.apache.org/surefire/maven-surefire-plugin/xsd/surefire-test-report.xsd" version="3.0.2" name="com.example.bookstore.BookRepositoryTest" time="7.419" tests="2" errors="0" skipped="0" failures="0">
  <properties>
[...]
</properties>
  <testcase name="testCreateAndDeleteBook" classname="com.example.bookstore.BookRepositoryTest" time="0.816">
    <system-out><![CDATA[14:03:55.501 [main] INFO org.springframework.test.context.support.AnnotationConfigContextLoaderUtils -- Could not detect default configuration classes for test class [com.example.bookstore.BookRepositoryTest]: BookRepositoryTest does not declare any static, non-private, non-final, nested classes annotated with @Configuration.
14:03:55.745 [main] INFO org.springframework.boot.test.context.SpringBootTestContextBootstrapper -- Found @SpringBootConfiguration com.example.bookstore.BookstoreApplication for test class com.example.bookstore.BookRepositoryTest
14:03:55.901 [main] INFO org.springframework.boot.devtools.restart.RestartApplicationListener -- Restart disabled due to context in which it is running

  .   ____          _            __ _ _
 /\\ / ___'_ __ _ _(_)_ __  __ _ \ \ \ \
( ( )\___ | '_ | '_| | '_ \/ _` | \ \ \ \
 \\/  ___)| |_)| | | | | || (_| |  ) ) ) )
  '  |____| .__|_| |_|_| |_\__, | / / / /
 =========|_|==============|___/=/_/_/_/

 :: Spring Boot ::                (v3.4.2)

2025-03-27T14:03:56.531+02:00  INFO 22388 --- [           main] c.example.bookstore.BookRepositoryTest   : Starting BookRepositoryTest using Java 21.0.4 with PID 22388 (started by hurme in C:\Users\hurme\Documents\bookstore)
2025-03-27T14:03:56.531+02:00  INFO 22388 --- [           main] c.example.bookstore.BookRepositoryTest   : No active profile set, falling back to 1 default profile: "default"
2025-03-27T14:03:57.229+02:00  INFO 22388 --- [           main] .s.d.r.c.RepositoryConfigurationDelegate : Bootstrapping Spring Data JPA repositories in DEFAULT mode.
2025-03-27T14:03:57.347+02:00  INFO 22388 --- [           main] .s.d.r.c.RepositoryConfigurationDelegate : Finished Spring Data repository scanning in 108 ms. Found 3 JPA repository interfaces.
2025-03-27T14:03:57.448+02:00  INFO 22388 --- [           main] beddedDataSourceBeanFactoryPostProcessor : Replacing 'dataSource' DataSource bean with embedded version
2025-03-27T14:03:57.747+02:00  INFO 22388 --- [           main] o.s.j.d.e.EmbeddedDatabaseFactory        : Starting embedded database: url='jdbc:h2:mem:492ffb55-162b-4a49-81aa-8efa8782018e;DB_CLOSE_DELAY=-1;DB_CLOSE_ON_EXIT=false', username='sa'
2025-03-27T14:03:58.171+02:00  INFO 22388 --- [           main] o.hibernate.jpa.internal.util.LogHelper  : HHH000204: Processing PersistenceUnitInfo [name: default]
2025-03-27T14:03:58.264+02:00  INFO 22388 --- [           main] org.hibernate.Version                    : HHH000412: Hibernate ORM core version 6.4.4.Final
2025-03-27T14:03:58.337+02:00  INFO 22388 --- [           main] o.h.c.internal.RegionFactoryInitiator    : HHH000026: Second-level cache disabled
2025-03-27T14:03:58.761+02:00  INFO 22388 --- [           main] o.s.o.j.p.SpringPersistenceUnitInfo      : No LoadTimeWeaver setup: ignoring JPA class transformer
2025-03-27T14:03:58.843+02:00  WARN 22388 --- [           main] org.hibernate.orm.deprecation            : HHH90000025: H2Dialect does not need to be specified explicitly using 'hibernate.dialect' (remove the property setting and it will be selected by default)
2025-03-27T14:04:00.259+02:00  INFO 22388 --- [           main] o.h.e.t.j.p.i.JtaPlatformInitiator       : HHH000489: No JTA platform available (set 'hibernate.transaction.jta.platform' to enable JTA platform integration)
Hibernate: drop table if exists app_user cascade 
Hibernate: drop table if exists book cascade 
Hibernate: drop table if exists category cascade 
Hibernate: drop sequence if exists book_seq
Hibernate: drop sequence if exists category_seq
Hibernate: create sequence book_seq start with 1 increment by 50
Hibernate: create sequence category_seq start with 1 increment by 50
Hibernate: create table app_user (id bigint generated by default as identity, email varchar(255), password varchar(255), role varchar(255), username varchar(255) unique, primary key (id))
Hibernate: create table book (price float(53) not null, publication_year integer not null, category_id bigint, id bigint not null, author varchar(255), isbn varchar(255), title varchar(255), primary key (id))
Hibernate: create table category (id bigint not null, name varchar(255), primary key (id))
Hibernate: alter table if exists book add constraint FKam9riv8y6rjwkua1gapdfew4j foreign key (category_id) references category
2025-03-27T14:04:00.322+02:00  INFO 22388 --- [           main] j.LocalContainerEntityManagerFactoryBean : Initialized JPA EntityManagerFactory for persistence unit 'default'
2025-03-27T14:04:00.919+02:00  INFO 22388 --- [           main] c.example.bookstore.BookRepositoryTest   : Started BookRepositoryTest in 5.036 seconds (process running for 7.549)
Hibernate: select count(*) from category c1_0
Hibernate: select next value for category_seq
Hibernate: insert into category (name,id) values (?,?)
Hibernate: select next value for category_seq
Hibernate: insert into category (name,id) values (?,?)
Hibernate: select next value for book_seq
Hibernate: insert into book (author,category_id,isbn,price,publication_year,title,id) values (?,?,?,?,?,?,?)
Hibernate: select next value for book_seq
Hibernate: insert into book (author,category_id,isbn,price,publication_year,title,id) values (?,?,?,?,?,?,?)
]]></system-out>
    <system-err><![CDATA[Mockito is currently self-attaching to enable the inline-mock-maker. This will no longer work in future releases of the JDK. Please add Mockito as an agent to your build what is described in Mockito's documentation: https://javadoc.io/doc/org.mockito/mockito-core/latest/org/mockito/Mockito.html#0.3
WARNING: A Java agent has been loaded dynamically (C:\Users\hurme\.m2\repository\net\bytebuddy\byte-buddy-agent\1.15.11\byte-buddy-agent-1.15.11.jar)
WARNING: If a serviceability tool is in use, please run with -XX:+EnableDynamicAgentLoading to hide this warning
WARNING: If a serviceability tool is not in use, please run with -Djdk.instrument.traceUsage for more information
WARNING: Dynamic loading of agents will be disallowed by default in a future release
]]></system-err>
  </testcase>
  <testcase name="testSearchBooksByTitle" classname="com.example.bookstore.BookRepositoryTest" time="0.097">
    <system-out><![CDATA[Hibernate: insert into book (author,category_id,isbn,price,publication_year,title,id) values (?,?,?,?,?,?,?)
Hibernate: select b1_0.id,b1_0.author,b1_0.category_id,b1_0.isbn,b1_0.price,b1_0.publication_year,b1_0.title from book b1_0 where upper(b1_0.title) like upper(?) escape '\'
]]></system-out>
  </testcase>
</testsuite>