<?xml version="1.0" encoding="UTF-8"?>
<testsuite xmlns:xsi="http://www.w3.org/2001/XMLSchema-instance" xsi:noNamespaceSchemaLocation="https://maven.apache.org/surefire/maven-surefire-plugin/xsd/surefire-test-report.xsd" version="3.0.2" name="com.example.bookstore.BookRestControllerTest" time="3.176" tests="2" errors="0" skipped="0" failures="0">
  <properties>
[...]
</properties>
  <testcase name="testSearchBooks" classname="com.example.bookstore.BookRestControllerTest" time="0.547">
    <system-out><![CDATA[2025-03-24T12:07:36.089+02:00  INFO 25472 --- [           main] t.c.s.AnnotationConfigContextLoaderUtils : Could not detect default configuration classes for test class [com.example.bookstore.BookRestControllerTest]: BookRestControllerTest does not declare any static, non-private, non-final, nested classes annotated with @Configuration.
2025-03-24T12:07:36.092+02:00  INFO 25472 --- [           main] .b.t.c.SpringBootTestContextBootstrapper : Found @SpringBootConfiguration com.example.bookstore.BookstoreApplication for test class com.example.bookstore.BookRestControllerTest
2025-03-24T12:07:36.101+02:00  INFO 25472 --- [           main] o.s.b.d.r.RestartApplicationListener     : Restart disabled due to context in which it is running

  .   ____          _            __ _ _
 /\\ / ___'_ __ _ _(_)_ __  __ _ \ \ \ \
( ( )\___ | '_ | '_| | '_ \/ _` | \ \ \ \
 \\/  ___)| |_)| | | | | || (_| |  ) ) ) )
  '  |____| .__|_| |_|_| |_\__, | / / / /
 =========|_|==============|___/=/_/_/_/

 :: Spring Boot ::                (v3.4.2)

2025-03-24T12:07:36.152+02:00  INFO 25472 --- [           main] c.e.bookstore.BookRestControllerTest     : Starting BookRestControllerTest using Java 21.0.4 with PID 25472 (started by hurme in c:\Users\hurme\Documents\bookstore)
2025-03-24T12:07:36.152+02:00  INFO 25472 --- [           main] c.e.bookstore.BookRestControllerTest     : The following 1 profile is active: "test"
2025-03-24T12:07:36.521+02:00  INFO 25472 --- [           main] .s.d.r.c.RepositoryConfigurationDelegate : Bootstrapping Spring Data JPA repositories in DEFAULT mode.
2025-03-24T12:07:36.532+02:00  INFO 25472 --- [           main] .s.d.r.c.RepositoryConfigurationDelegate : Finished Spring Data repository scanning in 9 ms. Found 3 JPA repository interfaces.
2025-03-24T12:07:36.988+02:00  INFO 25472 --- [           main] o.s.b.w.embedded.tomcat.TomcatWebServer  : Tomcat initialized with port 0 (http)
2025-03-24T12:07:36.988+02:00  INFO 25472 --- [           main] o.apache.catalina.core.StandardService   : Starting service [Tomcat]
2025-03-24T12:07:36.988+02:00  INFO 25472 --- [           main] o.apache.catalina.core.StandardEngine    : Starting Servlet engine: [Apache Tomcat/10.1.34]
2025-03-24T12:07:37.052+02:00  INFO 25472 --- [           main] o.a.c.c.C.[Tomcat].[localhost].[/]       : Initializing Spring embedded WebApplicationContext
2025-03-24T12:07:37.052+02:00  INFO 25472 --- [           main] w.s.c.ServletWebServerApplicationContext : Root WebApplicationContext: initialization completed in 894 ms
2025-03-24T12:07:37.148+02:00  INFO 25472 --- [           main] o.hibernate.jpa.internal.util.LogHelper  : HHH000204: Processing PersistenceUnitInfo [name: default]
2025-03-24T12:07:37.148+02:00  INFO 25472 --- [           main] o.h.c.internal.RegionFactoryInitiator    : HHH000026: Second-level cache disabled
2025-03-24T12:07:37.164+02:00  INFO 25472 --- [           main] o.s.o.j.p.SpringPersistenceUnitInfo      : No LoadTimeWeaver setup: ignoring JPA class transformer
2025-03-24T12:07:37.164+02:00  INFO 25472 --- [           main] com.zaxxer.hikari.HikariDataSource       : HikariPool-1 - Starting...
2025-03-24T12:07:37.180+02:00  INFO 25472 --- [           main] com.zaxxer.hikari.pool.HikariPool        : HikariPool-1 - Added connection conn12: url=jdbc:h2:mem:testdb user=SA
2025-03-24T12:07:37.180+02:00  INFO 25472 --- [           main] com.zaxxer.hikari.HikariDataSource       : HikariPool-1 - Start completed.
2025-03-24T12:07:37.180+02:00  WARN 25472 --- [           main] org.hibernate.orm.deprecation            : HHH90000025: H2Dialect does not need to be specified explicitly using 'hibernate.dialect' (remove the property setting and it will be selected by default)
2025-03-24T12:07:37.253+02:00  INFO 25472 --- [           main] o.h.e.t.j.p.i.JtaPlatformInitiator       : HHH000489: No JTA platform available (set 'hibernate.transaction.jta.platform' to enable JTA platform integration)
Hibernate: drop table if exists app_user cascade 
Hibernate: drop table if exists book cascade 
Hibernate: drop table if exists category cascade 
Hibernate: drop sequence if exists book_seq
Hibernate: drop sequence if exists category_seq
Hibernate: create sequence book_seq start with 1 increment by 50
Hibernate: create sequence category_seq start with 1 increment by 50
Hibernate: create table app_user (id bigint generated by default as identity, email varchar(255), password varchar(255), role varchar(255), username varchar(255) unique, primary key (id))
Hibernate: create table book (price float(53) not null, publication_year integer not null, category_id bigint, id bigint not null, author varchar(255), isbn varchar(255), title varchar(255), primary key (id))
Hibernate: create table category (id bigint not null, name varchar(255), primary key (id))
Hibernate: alter table if exists book add constraint FKam9riv8y6rjwkua1gapdfew4j foreign key (category_id) references category
2025-03-24T12:07:37.253+02:00  INFO 25472 --- [           main] j.LocalContainerEntityManagerFactoryBean : Initialized JPA EntityManagerFactory for persistence unit 'default'
2025-03-24T12:07:37.409+02:00  INFO 25472 --- [           main] r$InitializeUserDetailsManagerConfigurer : Global AuthenticationManager configured with UserDetailsService bean with name appUserDetailsService
2025-03-24T12:07:37.574+02:00  INFO 25472 --- [           main] o.s.b.a.w.s.WelcomePageHandlerMapping    : Adding welcome page template: index
2025-03-24T12:07:38.404+02:00  INFO 25472 --- [           main] o.s.b.w.embedded.tomcat.TomcatWebServer  : Tomcat started on port 51978 (http) with context path '/'
2025-03-24T12:07:38.411+02:00  INFO 25472 --- [           main] c.e.bookstore.BookRestControllerTest     : Started BookRestControllerTest in 2.311 seconds (process running for 7.778)
Hibernate: select count(*) from category c1_0
Hibernate: select next value for category_seq
Hibernate: insert into category (name,id) values (?,?)
Hibernate: select next value for category_seq
Hibernate: insert into category (name,id) values (?,?)
Hibernate: select next value for book_seq
Hibernate: insert into book (author,category_id,isbn,price,publication_year,title,id) values (?,?,?,?,?,?,?)
Hibernate: select next value for book_seq
Hibernate: insert into book (author,category_id,isbn,price,publication_year,title,id) values (?,?,?,?,?,?,?)
Hibernate: select count(*) from app_user au1_0
Hibernate: insert into app_user (email,password,role,username,id) values (?,?,?,?,default)
Hibernate: insert into app_user (email,password,role,username,id) values (?,?,?,?,default)
Hibernate: insert into book (author,category_id,isbn,price,publication_year,title,id) values (?,?,?,?,?,?,?)
2025-03-24T12:07:38.735+02:00  INFO 25472 --- [o-auto-1-exec-1] o.a.c.c.C.[Tomcat].[localhost].[/]       : Initializing Spring DispatcherServlet 'dispatcherServlet'
2025-03-24T12:07:38.735+02:00  INFO 25472 --- [o-auto-1-exec-1] o.s.web.servlet.DispatcherServlet        : Initializing Servlet 'dispatcherServlet'
2025-03-24T12:07:38.736+02:00  INFO 25472 --- [o-auto-1-exec-1] o.s.web.servlet.DispatcherServlet        : Completed initialization in 1 ms
Hibernate: select au1_0.id,au1_0.email,au1_0.password,au1_0.role,au1_0.username from app_user au1_0 where au1_0.username=?
Hibernate: select b1_0.id,b1_0.author,b1_0.category_id,b1_0.isbn,b1_0.price,b1_0.publication_year,b1_0.title from book b1_0 where upper(b1_0.title) like upper(?) escape '\'
]]></system-out>
  </testcase>
  <testcase name="testGetAllBooks" classname="com.example.bookstore.BookRestControllerTest" time="0.112">
    <system-out><![CDATA[Hibernate: insert into book (author,category_id,isbn,price,publication_year,title,id) values (?,?,?,?,?,?,?)
Hibernate: select au1_0.id,au1_0.email,au1_0.password,au1_0.role,au1_0.username from app_user au1_0 where au1_0.username=?
Hibernate: select b1_0.id,b1_0.author,b1_0.category_id,b1_0.isbn,b1_0.price,b1_0.publication_year,b1_0.title from book b1_0
Hibernate: select c1_0.id,c1_0.name from category c1_0 where c1_0.id=?
]]></system-out>
  </testcase>
</testsuite>